<?xml version="1.0" encoding="UTF-8"?>
<testsuite xmlns:xsi="http://www.w3.org/2001/XMLSchema-instance" xsi:noNamespaceSchemaLocation="https://maven.apache.org/surefire/maven-surefire-plugin/xsd/surefire-test-report-3.0.xsd" version="3.0" name="CalculatorTest" time="0.088" tests="2" errors="0" skipped="0" failures="0">
  <properties>
    <property name="java.specification.version" value="21"/>
    <property name="sun.cpu.isalist" value="amd64"/>
    <property name="sun.jnu.encoding" value="Cp1252"/>
    <property name="java.class.path" value="C:\Users\manne akanksha\OneDrive\Desktop\JavaFSE_hands-on_solutions\JavaFSE_hands-on_solutions\Week-2\JUnit_BasicTesting\Ex-4_AAA_SetupTeardown\target\test-classes;C:\Users\manne akanksha\OneDrive\Desktop\JavaFSE_hands-on_solutions\JavaFSE_hands-on_solutions\Week-2\JUnit_BasicTesting\Ex-4_AAA_SetupTeardown\target\classes;C:\Users\manne akanksha\.m2\repository\junit\junit\4.13.2\junit-4.13.2.jar;C:\Users\manne akanksha\.m2\repository\org\hamcrest\hamcrest-core\1.3\hamcrest-core-1.3.jar;"/>
    <property name="java.vm.vendor" value="Eclipse Adoptium"/>
    <property name="sun.arch.data.model" value="64"/>
    <property name="user.variant" value=""/>
    <property name="java.vendor.url" value="https://adoptium.net/"/>
    <property name="user.timezone" value="Asia/Calcutta"/>
    <property name="os.name" value="Windows 11"/>
    <property name="java.vm.specification.version" value="21"/>
    <property name="sun.java.launcher" value="SUN_STANDARD"/>
    <property name="user.country" value="IN"/>
    <property name="sun.boot.library.path" value="C:\Users\manne akanksha\AppData\Roaming\Code\User\globalStorage\pleiades.java-extension-pack-jdk\java\21\bin"/>
    <property name="sun.java.command" value="C:\Users\manne akanksha\AppData\Local\Temp\surefire2133591394214575795\surefirebooter-20250627234113552_3.jar C:\Users\manne akanksha\AppData\Local\Temp\surefire2133591394214575795 2025-06-27T23-41-13_187-jvmRun1 surefire-20250627234113552_1tmp surefire_0-20250627234113552_2tmp"/>
    <property name="jdk.debug" value="release"/>
    <property name="surefire.test.class.path" value="C:\Users\manne akanksha\OneDrive\Desktop\JavaFSE_hands-on_solutions\JavaFSE_hands-on_solutions\Week-2\JUnit_BasicTesting\Ex-4_AAA_SetupTeardown\target\test-classes;C:\Users\manne akanksha\OneDrive\Desktop\JavaFSE_hands-on_solutions\JavaFSE_hands-on_solutions\Week-2\JUnit_BasicTesting\Ex-4_AAA_SetupTeardown\target\classes;C:\Users\manne akanksha\.m2\repository\junit\junit\4.13.2\junit-4.13.2.jar;C:\Users\manne akanksha\.m2\repository\org\hamcrest\hamcrest-core\1.3\hamcrest-core-1.3.jar;"/>
    <property name="sun.cpu.endian" value="little"/>
    <property name="user.home" value="C:\Users\manne akanksha"/>
    <property name="user.language" value="en"/>
    <property name="java.specification.vendor" value="Oracle Corporation"/>
    <property name="java.version.date" value="2025-04-15"/>
    <property name="java.home" value="C:\Users\manne akanksha\AppData\Roaming\Code\User\globalStorage\pleiades.java-extension-pack-jdk\java\21"/>
    <property name="file.separator" value="\"/>
    <property name="basedir" value="C:\Users\manne akanksha\OneDrive\Desktop\JavaFSE_hands-on_solutions\JavaFSE_hands-on_solutions\Week-2\JUnit_BasicTesting\Ex-4_AAA_SetupTeardown"/>
    <property name="java.vm.compressedOopsMode" value="32-bit"/>
    <property name="line.separator" value="&#10;"/>
    <property name="java.vm.specification.vendor" value="Oracle Corporation"/>
    <property name="java.specification.name" value="Java Platform API Specification"/>
    <property name="surefire.real.class.path" value="C:\Users\manne akanksha\AppData\Local\Temp\surefire2133591394214575795\surefirebooter-20250627234113552_3.jar"/>
    <property name="user.script" value=""/>
    <property name="sun.management.compiler" value="HotSpot 64-Bit Tiered Compilers"/>
    <property name="java.runtime.version" value="21.0.7+6-LTS"/>
    <property name="user.name" value="manne akanksha"/>
    <property name="stdout.encoding" value="UTF-8"/>
    <property name="path.separator" value=";"/>
    <property name="os.version" value="10.0"/>
    <property name="java.runtime.name" value="OpenJDK Runtime Environment"/>
    <property name="file.encoding" value="UTF-8"/>
    <property name="java.vm.name" value="OpenJDK 64-Bit Server VM"/>
    <property name="java.vendor.version" value="Temurin-21.0.7+6"/>
    <property name="localRepository" value="C:\Users\manne akanksha\.m2\repository"/>
    <property name="java.vendor.url.bug" value="https://github.com/adoptium/adoptium-support/issues"/>
    <property name="java.io.tmpdir" value="C:\Users\MANNEA~1\AppData\Local\Temp\"/>
    <property name="java.version" value="21.0.7"/>
    <property name="user.dir" value="C:\Users\manne akanksha\OneDrive\Desktop\JavaFSE_hands-on_solutions\JavaFSE_hands-on_solutions\Week-2\JUnit_BasicTesting\Ex-4_AAA_SetupTeardown"/>
    <property name="os.arch" value="amd64"/>
    <property name="java.vm.specification.name" value="Java Virtual Machine Specification"/>
    <property name="sun.os.patch.level" value=""/>
    <property name="native.encoding" value="Cp1252"/>
    <property name="java.library.path" value="C:\Users\manne akanksha\AppData\Roaming\Code\User\globalStorage\pleiades.java-extension-pack-jdk\java\21\bin;C:\WINDOWS\Sun\Java\bin;C:\WINDOWS\system32;C:\WINDOWS;C:\Users\manne akanksha\AppData\Roaming\Code\User\globalStorage\pleiades.java-extension-pack-jdk\gradle\latest\bin;C:\Users\manne akanksha\AppData\Roaming\Code\User\globalStorage\pleiades.java-extension-pack-jdk\maven\latest\bin;C:\Users\manne akanksha\AppData\Roaming\Code\User\globalStorage\pleiades.java-extension-pack-jdk\java\21\bin;C:\Program Files\Python38\Scripts\;C:\Program Files\Python38\;C:\Program Files (x86)\Common Files\Oracle\Java\javapath;C:\WINDOWS\system32;C:\WINDOWS;C:\WINDOWS\System32\Wbem;C:\WINDOWS\System32\WindowsPowerShell\v1.0\;C:\WINDOWS\System32\OpenSSH\;C:\Program Files\dotnet\;C:\Program Files\Java\jdk1.8.0_202\bin;C:\Program Files\Microsoft SQL Server\150\Tools\Binn\;C:\Program Files\Microsoft SQL Server\Client SDK\ODBC\170\Tools\Binn\;C:\Program Files\Git\cmd;C:\Users\manne akanksha\AppData\Local\Microsoft\WindowsApps;C:\Users\manne akanksha\AppData\Local\GitHubDesktop\bin;C:\Users\manne akanksha\AppData\Local\atom\bin;C:\Users\manne akanksha\AppData\Local\Programs\Microsoft VS Code\bin;C:\Users\manne akanksha\.dotnet\tools;."/>
    <property name="java.vm.info" value="mixed mode, sharing"/>
    <property name="stderr.encoding" value="UTF-8"/>
    <property name="java.vendor" value="Eclipse Adoptium"/>
    <property name="java.vm.version" value="21.0.7+6-LTS"/>
    <property name="sun.io.unicode.encoding" value="UnicodeLittle"/>
    <property name="java.class.version" value="65.0"/>
  </properties>
  <testcase name="testAddition" classname="CalculatorTest" time="0.009">
    <system-out><![CDATA[Setup done
Teardown done
]]></system-out>
  </testcase>
  <testcase name="testSubtraction" classname="CalculatorTest" time="0.0">
    <system-out><![CDATA[Setup done
Teardown done
]]></system-out>
  </testcase>
</testsuite>