<?xml version="1.0" encoding="UTF-8"?>
<testsuite xmlns:xsi="http://www.w3.org/2001/XMLSchema-instance" xsi:noNamespaceSchemaLocation="https://maven.apache.org/surefire/maven-surefire-plugin/xsd/surefire-test-report-3.0.xsd" version="3.0" name="com.example.AssertionsTest" time="0.747" tests="1" errors="0" skipped="0" failures="0">
  <properties>
    <property name="java.specification.version" value="21"/>
    <property name="sun.cpu.isalist" value="amd64"/>
    <property name="sun.jnu.encoding" value="Cp1252"/>
    <property name="java.class.path" value="C:\Users\ankit.LAPTOP-H1IDVLFT\JavaFSE_hands-on_solutions\Week-2\JUnit_BasicTesting\Ex-3_AssertionsInJUnit\target\test-classes;C:\Users\ankit.LAPTOP-H1IDVLFT\JavaFSE_hands-on_solutions\Week-2\JUnit_BasicTesting\Ex-3_AssertionsInJUnit\target\classes;C:\Users\ankit.LAPTOP-H1IDVLFT\.m2\repository\junit\junit\4.13.2\junit-4.13.2.jar;C:\Users\ankit.LAPTOP-H1IDVLFT\.m2\repository\org\hamcrest\hamcrest-core\1.3\hamcrest-core-1.3.jar;"/>
    <property name="java.vm.vendor" value="Oracle Corporation"/>
    <property name="sun.arch.data.model" value="64"/>
    <property name="user.variant" value=""/>
    <property name="java.vendor.url" value="https://java.oracle.com/"/>
    <property name="user.timezone" value="Asia/Calcutta"/>
    <property name="os.name" value="Windows 11"/>
    <property name="java.vm.specification.version" value="21"/>
    <property name="sun.java.launcher" value="SUN_STANDARD"/>
    <property name="user.country" value="IN"/>
    <property name="sun.boot.library.path" value="C:\Program Files\Java\jdk-21\bin"/>
    <property name="sun.java.command" value="C:\Users\ankit.LAPTOP-H1IDVLFT\AppData\Local\Temp\surefire2675455309411152866\surefirebooter-20250627211323595_3.jar C:\Users\ankit.LAPTOP-H1IDVLFT\AppData\Local\Temp\surefire2675455309411152866 2025-06-27T21-13-22_281-jvmRun1 surefire-20250627211323595_1tmp surefire_0-20250627211323595_2tmp"/>
    <property name="jdk.debug" value="release"/>
    <property name="surefire.test.class.path" value="C:\Users\ankit.LAPTOP-H1IDVLFT\JavaFSE_hands-on_solutions\Week-2\JUnit_BasicTesting\Ex-3_AssertionsInJUnit\target\test-classes;C:\Users\ankit.LAPTOP-H1IDVLFT\JavaFSE_hands-on_solutions\Week-2\JUnit_BasicTesting\Ex-3_AssertionsInJUnit\target\classes;C:\Users\ankit.LAPTOP-H1IDVLFT\.m2\repository\junit\junit\4.13.2\junit-4.13.2.jar;C:\Users\ankit.LAPTOP-H1IDVLFT\.m2\repository\org\hamcrest\hamcrest-core\1.3\hamcrest-core-1.3.jar;"/>
    <property name="sun.cpu.endian" value="little"/>
    <property name="user.home" value="C:\Users\ankit.LAPTOP-H1IDVLFT"/>
    <property name="user.language" value="en"/>
    <property name="java.specification.vendor" value="Oracle Corporation"/>
    <property name="java.version.date" value="2023-10-17"/>
    <property name="java.home" value="C:\Program Files\Java\jdk-21"/>
    <property name="file.separator" value="\"/>
    <property name="basedir" value="C:\Users\ankit.LAPTOP-H1IDVLFT\JavaFSE_hands-on_solutions\Week-2\JUnit_BasicTesting\Ex-3_AssertionsInJUnit"/>
    <property name="java.vm.compressedOopsMode" value="32-bit"/>
    <property name="line.separator" value="&#10;"/>
    <property name="java.vm.specification.vendor" value="Oracle Corporation"/>
    <property name="java.specification.name" value="Java Platform API Specification"/>
    <property name="surefire.real.class.path" value="C:\Users\ankit.LAPTOP-H1IDVLFT\AppData\Local\Temp\surefire2675455309411152866\surefirebooter-20250627211323595_3.jar"/>
    <property name="user.script" value=""/>
    <property name="sun.management.compiler" value="HotSpot 64-Bit Tiered Compilers"/>
    <property name="java.runtime.version" value="21.0.1+12-LTS-29"/>
    <property name="user.name" value="ankit"/>
    <property name="stdout.encoding" value="UTF-8"/>
    <property name="path.separator" value=";"/>
    <property name="os.version" value="10.0"/>
    <property name="java.runtime.name" value="Java(TM) SE Runtime Environment"/>
    <property name="file.encoding" value="UTF-8"/>
    <property name="java.vm.name" value="Java HotSpot(TM) 64-Bit Server VM"/>
    <property name="localRepository" value="C:\Users\ankit.LAPTOP-H1IDVLFT\.m2\repository"/>
    <property name="java.vendor.url.bug" value="https://bugreport.java.com/bugreport/"/>
    <property name="java.io.tmpdir" value="C:\Users\ANKIT~1.LAP\AppData\Local\Temp\"/>
    <property name="java.version" value="21.0.1"/>
    <property name="user.dir" value="C:\Users\ankit.LAPTOP-H1IDVLFT\JavaFSE_hands-on_solutions\Week-2\JUnit_BasicTesting\Ex-3_AssertionsInJUnit"/>
    <property name="os.arch" value="amd64"/>
    <property name="java.vm.specification.name" value="Java Virtual Machine Specification"/>
    <property name="sun.os.patch.level" value=""/>
    <property name="native.encoding" value="Cp1252"/>
    <property name="java.library.path" value="C:\Program Files\Java\jdk-21\bin;C:\WINDOWS\Sun\Java\bin;C:\WINDOWS\system32;C:\WINDOWS;C:\Users\ankit.LAPTOP-H1IDVLFT\AppData\Roaming\Code\User\globalStorage\pleiades.java-extension-pack-jdk\gradle\latest\bin;C:\Users\ankit.LAPTOP-H1IDVLFT\AppData\Roaming\Code\User\globalStorage\pleiades.java-extension-pack-jdk\maven\latest\bin;C:\Program Files\Java\jdk-21\bin;C:\app\ankit\product\21c\dbhomeXE\bin;C:\Python313\Scripts\;C:\Python313\;C:\Program Files\Common Files\Oracle\Java\javapath;C:\WINDOWS\system32;C:\WINDOWS;C:\WINDOWS\System32\Wbem;C:\WINDOWS\System32\WindowsPowerShell\v1.0\;C:\WINDOWS\System32\OpenSSH\;C:\MinGW\bin;C:\Program Files\dotnet\;C:\Program Files\Java\jdk-21\bin;C:\Program Files\HP\HP One Agent;C:\Program Files\Microsoft SQL Server\150\Tools\Binn\;C:\Program Files\Microsoft SQL Server\Client SDK\ODBC\170\Tools\Binn\;C:\Program Files\Git\cmd;C:\ProgramData\chocolatey\bin;C:\Program Files\nodejs\;C:\Program Files\WireGuard\;C:\Users\ankit.LAPTOP-H1IDVLFT\AppData\Local\Programs\Python\Python312\Scripts\;C:\Users\ankit.LAPTOP-H1IDVLFT\AppData\Local\Programs\Python\Python312\;C:\Users\ankit.LAPTOP-H1IDVLFT\AppData\Local\Microsoft\WindowsApps;C:\Users\ankit.LAPTOP-H1IDVLFT\AppData\Local\Programs\Microsoft VS Code\bin;C:\Users\ankit.LAPTOP-H1IDVLFT\.dotnet\tools;C:\Users\ankit.LAPTOP-H1IDVLFT\AppData\Roaming\npm;C:\Users\ankit.LAPTOP-H1IDVLFT\AppData\Local\Programs\mongosh\;C:\Program Files\MongoDB\Server\8.0\bin;C:\Users\ankit.LAPTOP-H1IDVLFT\Downloads\instantclient-basiclite-windows.x64-23.8.0.25.04;;."/>
    <property name="java.vm.info" value="mixed mode, sharing"/>
    <property name="stderr.encoding" value="UTF-8"/>
    <property name="java.vendor" value="Oracle Corporation"/>
    <property name="java.vm.version" value="21.0.1+12-LTS-29"/>
    <property name="sun.io.unicode.encoding" value="UnicodeLittle"/>
    <property name="java.class.version" value="65.0"/>
  </properties>
  <testcase name="testAssertions" classname="com.example.AssertionsTest" time="0.014"/>
</testsuite>